Arguments: 
  /usr/local/Cellar/node/12.10.0/bin/node /usr/local/Cellar/yarn/1.17.3/libexec/bin/yarn.js run build

PATH: 
  /usr/local/bin:/usr/bin:/bin:/usr/sbin:/sbin

Yarn version: 
  1.17.3

Node version: 
  12.10.0

Platform: 
  darwin x64

Trace: 
  SyntaxError: /Users/300068511/Work/monorepo/components/package.json: Unexpected token } in JSON at position 376
      at JSON.parse (<anonymous>)
      at /usr/local/Cellar/yarn/1.17.3/libexec/lib/cli.js:1625:59
      at Generator.next (<anonymous>)
      at step (/usr/local/Cellar/yarn/1.17.3/libexec/lib/cli.js:304:30)
      at /usr/local/Cellar/yarn/1.17.3/libexec/lib/cli.js:315:13

npm manifest: 
  {
    "name": "components",
    "version": "1.0.0",
    "description": "show how js module systems work",
    "author": "sumit gupta",
    "license": "MIT",
    "main": "dist/index.js",
    "module": "dist/index.es.js",
    "scripts": {
      "clean": "rimrf dist",
      "build": "run-s clean build:*",
      "build:cjs": "MODULE_TYPE=cjs rollup -c",
      "build:es": "MODULE_TYPE=es rollup -c",
    },
    "dependencies": {
      "eslint": "^6.8.0",
      "react": "^16.12.0",
      "react-dom": "^16.12.0",
      "styled-components": "^5.0.0"
    },
    "devDependencies": {
      "@rollup/plugin-commonjs": "^11.0.1",
      "eslint": "^6.8.0",
      "npm-run-all": "^4.1.5",
      "rollup": "^1.29.1",
      "rollup-plugin-babel": "^4.3.3"
    }
  }

yarn manifest: 
  No manifest

Lockfile: 
  No lockfile
